0 info it worked if it ends with ok
1 verbose cli [ 'C:\\Program Files (x86)\\nodejs\\\\node.exe',
1 verbose cli   'C:\\Program Files (x86)\\nodejs\\node_modules\\npm\\bin\\npm-cli.js',
1 verbose cli   'install',
1 verbose cli   'node-stringprep' ]
2 info using npm@1.2.2
3 info using node@v0.8.18
4 verbose node symlink C:\Program Files (x86)\nodejs\\node.exe
5 verbose read json C:\Users\Tom\Documents\GitHub\tombot\package.json
6 verbose from cache C:\Users\Tom\Documents\GitHub\tombot\package.json
7 verbose readDependencies using package.json deps
8 verbose cache add [ 'node-stringprep', null ]
9 verbose cache add name=undefined spec="node-stringprep" args=["node-stringprep",null]
10 verbose parsed url { pathname: 'node-stringprep',
10 verbose parsed url   path: 'node-stringprep',
10 verbose parsed url   href: 'node-stringprep' }
11 silly lockFile d7e52d33-node-stringprep node-stringprep
12 verbose lock node-stringprep C:\Users\Tom\AppData\Roaming\npm-cache\d7e52d33-node-stringprep.lock
13 silly lockFile d7e52d33-node-stringprep node-stringprep
14 verbose addNamed [ 'node-stringprep', '' ]
15 verbose addNamed [ null, '' ]
16 silly lockFile c469c25e-node-stringprep node-stringprep@
17 verbose lock node-stringprep@ C:\Users\Tom\AppData\Roaming\npm-cache\c469c25e-node-stringprep.lock
18 silly addNameRange { name: 'node-stringprep', range: '', hasData: false }
19 verbose url raw node-stringprep
20 verbose url resolving [ 'https://registry.npmjs.org/', './node-stringprep' ]
21 verbose url resolved https://registry.npmjs.org/node-stringprep
22 info trying registry request attempt 1 at 21:36:46
23 http GET https://registry.npmjs.org/node-stringprep
24 http 200 https://registry.npmjs.org/node-stringprep
25 silly registry.get cb [ 200,
25 silly registry.get   { vary: 'Accept',
25 silly registry.get     server: 'CouchDB/1.2.1 (Erlang OTP/R15B)',
25 silly registry.get     etag: '"D4L95AJSHQQA5I3QPIOOX3L9D"',
25 silly registry.get     date: 'Mon, 04 Feb 2013 04:35:00 GMT',
25 silly registry.get     'content-type': 'application/json',
25 silly registry.get     'content-length': '11000' } ]
26 silly addNameRange number 2 { name: 'node-stringprep', range: '', hasData: true }
27 silly addNameRange versions [ 'node-stringprep',
27 silly addNameRange   [ '0.0.2',
27 silly addNameRange     '0.0.3',
27 silly addNameRange     '0.0.4',
27 silly addNameRange     '0.0.5',
27 silly addNameRange     '0.1.0',
27 silly addNameRange     '0.1.1',
27 silly addNameRange     '0.1.2',
27 silly addNameRange     '0.1.3',
27 silly addNameRange     '0.1.4',
27 silly addNameRange     '0.1.5' ] ]
28 verbose addNamed [ 'node-stringprep', '0.1.5' ]
29 verbose addNamed [ '0.1.5', '0.1.5' ]
30 silly lockFile 536bbb1d-node-stringprep-0-1-5 node-stringprep@0.1.5
31 verbose lock node-stringprep@0.1.5 C:\Users\Tom\AppData\Roaming\npm-cache\536bbb1d-node-stringprep-0-1-5.lock
32 silly lockFile 92e23764-ngprep-node-stringprep-0-1-5-tgz https://registry.npmjs.org/node-stringprep/-/node-stringprep-0.1.5.tgz
33 verbose lock https://registry.npmjs.org/node-stringprep/-/node-stringprep-0.1.5.tgz C:\Users\Tom\AppData\Roaming\npm-cache\92e23764-ngprep-node-stringprep-0-1-5-tgz.lock
34 verbose addRemoteTarball [ 'https://registry.npmjs.org/node-stringprep/-/node-stringprep-0.1.5.tgz',
34 verbose addRemoteTarball   '3221092203315993bd76ba99e93c28bca96380f9' ]
35 info retry fetch attempt 1 at 21:36:46
36 verbose fetch to= C:\Users\Tom\AppData\Local\Temp\npm-6048\1359952606737-0.15961532364599407\tmp.tgz
37 http GET https://registry.npmjs.org/node-stringprep/-/node-stringprep-0.1.5.tgz
38 http 200 https://registry.npmjs.org/node-stringprep/-/node-stringprep-0.1.5.tgz
39 silly shasum updated bytes 4268
40 info shasum 3221092203315993bd76ba99e93c28bca96380f9
40 info shasum C:\Users\Tom\AppData\Local\Temp\npm-6048\1359952606737-0.15961532364599407\tmp.tgz
41 verbose tar unpack C:\Users\Tom\AppData\Local\Temp\npm-6048\1359952606737-0.15961532364599407\tmp.tgz
42 silly lockFile f0c101c9-6737-0-15961532364599407-package C:\Users\Tom\AppData\Local\Temp\npm-6048\1359952606737-0.15961532364599407\package
43 verbose lock C:\Users\Tom\AppData\Local\Temp\npm-6048\1359952606737-0.15961532364599407\package C:\Users\Tom\AppData\Roaming\npm-cache\f0c101c9-6737-0-15961532364599407-package.lock
44 silly gunzTarPerm modes [ '755', '644' ]
45 silly gunzTarPerm extractEntry package.json
46 silly gunzTarPerm extractEntry .npmignore
47 silly gunzTarPerm extractEntry LICENSE
48 silly gunzTarPerm extractEntry leakcheck.js
49 silly gunzTarPerm extractEntry install.sh
50 silly gunzTarPerm extractEntry README.markdown
51 silly gunzTarPerm extractEntry node-stringprep.cc
52 silly gunzTarPerm extractEntry wscript
53 silly gunzTarPerm extractEntry binding.gyp
54 verbose read json C:\Users\Tom\AppData\Local\Temp\npm-6048\1359952606737-0.15961532364599407\package\package.json
55 silly lockFile f0c101c9-6737-0-15961532364599407-package C:\Users\Tom\AppData\Local\Temp\npm-6048\1359952606737-0.15961532364599407\package
56 verbose from cache C:\Users\Tom\AppData\Local\Temp\npm-6048\1359952606737-0.15961532364599407\package\package.json
57 verbose tar pack [ 'C:\\Users\\Tom\\AppData\\Roaming\\npm-cache\\node-stringprep\\0.1.5\\package.tgz',
57 verbose tar pack   'C:\\Users\\Tom\\AppData\\Local\\Temp\\npm-6048\\1359952606737-0.15961532364599407\\package' ]
58 verbose tarball C:\Users\Tom\AppData\Roaming\npm-cache\node-stringprep\0.1.5\package.tgz
59 verbose folder C:\Users\Tom\AppData\Local\Temp\npm-6048\1359952606737-0.15961532364599407\package
60 silly lockFile 7516d1cb-ode-stringprep-0-1-5-package-tgz C:\Users\Tom\AppData\Roaming\npm-cache\node-stringprep\0.1.5\package.tgz
61 verbose lock C:\Users\Tom\AppData\Roaming\npm-cache\node-stringprep\0.1.5\package.tgz C:\Users\Tom\AppData\Roaming\npm-cache\7516d1cb-ode-stringprep-0-1-5-package-tgz.lock
62 silly lockFile 7516d1cb-ode-stringprep-0-1-5-package-tgz C:\Users\Tom\AppData\Roaming\npm-cache\node-stringprep\0.1.5\package.tgz
63 silly lockFile 88d62e2a-he-node-stringprep-0-1-5-package C:\Users\Tom\AppData\Roaming\npm-cache\node-stringprep\0.1.5\package
64 verbose lock C:\Users\Tom\AppData\Roaming\npm-cache\node-stringprep\0.1.5\package C:\Users\Tom\AppData\Roaming\npm-cache\88d62e2a-he-node-stringprep-0-1-5-package.lock
65 silly lockFile 88d62e2a-he-node-stringprep-0-1-5-package C:\Users\Tom\AppData\Roaming\npm-cache\node-stringprep\0.1.5\package
66 verbose tar unpack C:\Users\Tom\AppData\Roaming\npm-cache\node-stringprep\0.1.5\package.tgz
67 silly lockFile 88d62e2a-he-node-stringprep-0-1-5-package C:\Users\Tom\AppData\Roaming\npm-cache\node-stringprep\0.1.5\package
68 verbose lock C:\Users\Tom\AppData\Roaming\npm-cache\node-stringprep\0.1.5\package C:\Users\Tom\AppData\Roaming\npm-cache\88d62e2a-he-node-stringprep-0-1-5-package.lock
69 silly gunzTarPerm modes [ '755', '644' ]
70 silly gunzTarPerm extractEntry package.json
71 silly gunzTarPerm modified mode [ 'package.json', 438, 420 ]
72 silly gunzTarPerm extractEntry .npmignore
73 silly gunzTarPerm modified mode [ '.npmignore', 438, 420 ]
74 silly gunzTarPerm extractEntry LICENSE
75 silly gunzTarPerm modified mode [ 'LICENSE', 438, 420 ]
76 silly gunzTarPerm extractEntry leakcheck.js
77 silly gunzTarPerm modified mode [ 'leakcheck.js', 438, 420 ]
78 silly gunzTarPerm extractEntry binding.gyp
79 silly gunzTarPerm modified mode [ 'binding.gyp', 438, 420 ]
80 silly gunzTarPerm extractEntry install.sh
81 silly gunzTarPerm modified mode [ 'install.sh', 438, 420 ]
82 silly gunzTarPerm extractEntry node-stringprep.cc
83 silly gunzTarPerm modified mode [ 'node-stringprep.cc', 438, 420 ]
84 silly gunzTarPerm extractEntry README.markdown
85 silly gunzTarPerm modified mode [ 'README.markdown', 438, 420 ]
86 silly gunzTarPerm extractEntry wscript
87 silly gunzTarPerm modified mode [ 'wscript', 438, 420 ]
88 verbose read json C:\Users\Tom\AppData\Roaming\npm-cache\node-stringprep\0.1.5\package\package.json
89 silly lockFile 88d62e2a-he-node-stringprep-0-1-5-package C:\Users\Tom\AppData\Roaming\npm-cache\node-stringprep\0.1.5\package
90 silly shasum updated bytes 4207
91 info shasum b8d223a152e45a1d99a49b22c60d5a556fcc19c9
91 info shasum C:\Users\Tom\AppData\Roaming\npm-cache\node-stringprep\0.1.5\package.tgz
92 verbose from cache C:\Users\Tom\AppData\Roaming\npm-cache\node-stringprep\0.1.5\package\package.json
93 verbose chmod C:\Users\Tom\AppData\Roaming\npm-cache\node-stringprep\0.1.5\package.tgz 644
94 silly chown skipping for windows C:\Users\Tom\AppData\Roaming\npm-cache\node-stringprep\0.1.5\package.tgz
95 silly lockFile 92e23764-ngprep-node-stringprep-0-1-5-tgz https://registry.npmjs.org/node-stringprep/-/node-stringprep-0.1.5.tgz
96 silly lockFile 536bbb1d-node-stringprep-0-1-5 node-stringprep@0.1.5
97 silly lockFile c469c25e-node-stringprep node-stringprep@
98 silly resolved [ { name: 'node-stringprep',
98 silly resolved     version: '0.1.5',
98 silly resolved     main: './build/Release/node-stringprep.node',
98 silly resolved     description: 'ICU StringPrep profiles',
98 silly resolved     keywords: [ 'unicode', 'stringprep', 'icu' ],
98 silly resolved     dependencies: {},
98 silly resolved     devDependencies: {},
98 silly resolved     repository:
98 silly resolved      { type: 'git',
98 silly resolved        path: 'git://github.com/astro/node-stringprep.git' },
98 silly resolved     homepage: 'http://github.com/astro/node-stringprep',
98 silly resolved     bugs: 'http://github.com/astro/node-stringprep/issues',
98 silly resolved     author:
98 silly resolved      { name: 'Astro',
98 silly resolved        email: 'astro@spaceboyz.net',
98 silly resolved        url: 'http://spaceboyz.net/~astro/' },
98 silly resolved     licenses: [ [Object] ],
98 silly resolved     engines: { node: '>=0.4' },
98 silly resolved     scripts: { install: 'node-gyp rebuild' },
98 silly resolved     gypfile: true,
98 silly resolved     readme: '# node-stringprep #\n\n[Flattr this!](https://flattr.com/thing/44598/node-stringprep)\n\n## Purpose ##\n\nExposes predefined Unicode normalization functions that are required by many protocols. This is just a binding to [ICU](http://icu-project.org/), which is [said to be fast.](http://ayena.de/node/74)\n\n## Installation ##\n\n    # Debian\n    apt-get install libicu-dev\n\n    # Gentoo\n    emerge icu\n\n    # OSX using MacPorts\n    port install icu +devel\n\n    # OSX using Homebrew\n    brew install icu4c\n    ln -s /usr/local/Cellar/icu4c/<VERSION>/bin/icu-config /usr/local/bin/icu-config\n\n    npm install node-stringprep\n\n## Usage ##\n\n    var StringPrep = require(\'node-stringprep\').StringPrep;\n    var prep = new StringPrep(\'nameprep\');\n    prep.prepare(\'Äffchen\')  // => \'äffchen\'\n\nFor a list of supported profiles, see [node-stringprep.cc](http://github.com/astro/node-stringprep/blob/master/node-stringprep.cc#L160)\n',
98 silly resolved     readmeFilename: 'README.markdown',
98 silly resolved     _id: 'node-stringprep@0.1.5',
98 silly resolved     dist: { shasum: 'b8d223a152e45a1d99a49b22c60d5a556fcc19c9' },
98 silly resolved     _from: 'node-stringprep@',
98 silly resolved     _resolved: 'https://registry.npmjs.org/node-stringprep/-/node-stringprep-0.1.5.tgz' } ]
99 info install node-stringprep@0.1.5 into C:\Users\Tom\Documents\GitHub\tombot
100 info installOne node-stringprep@0.1.5
101 verbose from cache C:\Users\Tom\AppData\Roaming\npm-cache\node-stringprep\0.1.5\package\package.json
102 info C:\Users\Tom\Documents\GitHub\tombot\node_modules\node-stringprep unbuild
103 verbose read json C:\Users\Tom\Documents\GitHub\tombot\node_modules\node-stringprep\package.json
104 verbose tar unpack C:\Users\Tom\AppData\Roaming\npm-cache\node-stringprep\0.1.5\package.tgz
105 silly lockFile c58e77e8-bot-node-modules-node-stringprep C:\Users\Tom\Documents\GitHub\tombot\node_modules\node-stringprep
106 verbose lock C:\Users\Tom\Documents\GitHub\tombot\node_modules\node-stringprep C:\Users\Tom\AppData\Roaming\npm-cache\c58e77e8-bot-node-modules-node-stringprep.lock
107 silly gunzTarPerm modes [ '755', '644' ]
108 silly gunzTarPerm extractEntry package.json
109 silly gunzTarPerm modified mode [ 'package.json', 438, 420 ]
110 silly gunzTarPerm extractEntry .npmignore
111 silly gunzTarPerm modified mode [ '.npmignore', 438, 420 ]
112 silly gunzTarPerm extractEntry LICENSE
113 silly gunzTarPerm modified mode [ 'LICENSE', 438, 420 ]
114 silly gunzTarPerm extractEntry leakcheck.js
115 silly gunzTarPerm modified mode [ 'leakcheck.js', 438, 420 ]
116 silly gunzTarPerm extractEntry binding.gyp
117 silly gunzTarPerm modified mode [ 'binding.gyp', 438, 420 ]
118 silly gunzTarPerm extractEntry install.sh
119 silly gunzTarPerm modified mode [ 'install.sh', 438, 420 ]
120 silly gunzTarPerm extractEntry node-stringprep.cc
121 silly gunzTarPerm modified mode [ 'node-stringprep.cc', 438, 420 ]
122 silly gunzTarPerm extractEntry README.markdown
123 silly gunzTarPerm modified mode [ 'README.markdown', 438, 420 ]
124 silly gunzTarPerm extractEntry wscript
125 silly gunzTarPerm modified mode [ 'wscript', 438, 420 ]
126 verbose read json C:\Users\Tom\Documents\GitHub\tombot\node_modules\node-stringprep\package.json
127 silly lockFile c58e77e8-bot-node-modules-node-stringprep C:\Users\Tom\Documents\GitHub\tombot\node_modules\node-stringprep
128 info preinstall node-stringprep@0.1.5
129 verbose from cache C:\Users\Tom\Documents\GitHub\tombot\node_modules\node-stringprep\package.json
130 verbose readDependencies using package.json deps
131 verbose from cache C:\Users\Tom\Documents\GitHub\tombot\node_modules\node-stringprep\package.json
132 verbose readDependencies using package.json deps
133 silly resolved []
134 verbose about to build C:\Users\Tom\Documents\GitHub\tombot\node_modules\node-stringprep
135 info build C:\Users\Tom\Documents\GitHub\tombot\node_modules\node-stringprep
136 verbose from cache C:\Users\Tom\Documents\GitHub\tombot\node_modules\node-stringprep\package.json
137 verbose linkStuff [ false,
137 verbose linkStuff   false,
137 verbose linkStuff   false,
137 verbose linkStuff   'C:\\Users\\Tom\\Documents\\GitHub\\tombot\\node_modules' ]
138 info linkStuff node-stringprep@0.1.5
139 verbose linkBins node-stringprep@0.1.5
140 verbose linkMans node-stringprep@0.1.5
141 verbose rebuildBundles node-stringprep@0.1.5
142 info install node-stringprep@0.1.5
143 verbose unsafe-perm in lifecycle true
144 silly exec cmd "/c" "node-gyp rebuild"
145 silly cmd,/c,node-gyp rebuild,C:\Users\Tom\Documents\GitHub\tombot\node_modules\node-stringprep spawning
146 info node-stringprep@0.1.5 Failed to exec install script
147 info C:\Users\Tom\Documents\GitHub\tombot\node_modules\node-stringprep unbuild
148 verbose from cache C:\Users\Tom\Documents\GitHub\tombot\node_modules\node-stringprep\package.json
149 info preuninstall node-stringprep@0.1.5
150 info uninstall node-stringprep@0.1.5
151 verbose true,C:\Users\Tom\Documents\GitHub\tombot\node_modules,C:\Users\Tom\Documents\GitHub\tombot\node_modules unbuild node-stringprep@0.1.5
152 info postuninstall node-stringprep@0.1.5
153 error node-stringprep@0.1.5 install: `node-gyp rebuild`
153 error `cmd "/c" "node-gyp rebuild"` failed with 1
154 error Failed at the node-stringprep@0.1.5 install script.
154 error This is most likely a problem with the node-stringprep package,
154 error not with npm itself.
154 error Tell the author that this fails on your system:
154 error     node-gyp rebuild
154 error You can get their info via:
154 error     npm owner ls node-stringprep
154 error There is likely additional logging output above.
155 error System Windows_NT 6.2.9200
156 error command "C:\\Program Files (x86)\\nodejs\\\\node.exe" "C:\\Program Files (x86)\\nodejs\\node_modules\\npm\\bin\\npm-cli.js" "install" "node-stringprep"
157 error cwd C:\Users\Tom\Documents\GitHub\tombot
158 error node -v v0.8.18
159 error npm -v 1.2.2
160 error code ELIFECYCLE
161 verbose exit [ 1, true ]
